<?xml version="1.0" encoding="UTF-8"?>
<testsuite name="com.example.demo.Demo1ApplicationTests" tests="1" skipped="0" failures="0" errors="0" timestamp="2024-03-17T07:13:05" hostname="igihwans-MacBook-Pro.local" time="0.263">
  <properties/>
  <testcase name="contextLoads()" classname="com.example.demo.Demo1ApplicationTests" time="0.263"/>
  <system-out><![CDATA[16:13:03.536 [Test worker] INFO org.springframework.test.context.support.AnnotationConfigContextLoaderUtils -- Could not detect default configuration classes for test class [com.example.demo.Demo1ApplicationTests]: Demo1ApplicationTests does not declare any static, non-private, non-final, nested classes annotated with @Configuration.
16:13:03.575 [Test worker] INFO org.springframework.boot.test.context.SpringBootTestContextBootstrapper -- Found @SpringBootConfiguration com.example.demo.DemoApplication for test class com.example.demo.Demo1ApplicationTests

  .   ____          _            __ _ _
 /\\ / ___'_ __ _ _(_)_ __  __ _ \ \ \ \
( ( )\___ | '_ | '_| | '_ \/ _` | \ \ \ \
 \\/  ___)| |_)| | | | | || (_| |  ) ) ) )
  '  |____| .__|_| |_|_| |_\__, | / / / /
 =========|_|==============|___/=/_/_/_/
 :: Spring Boot ::                (v3.2.3)

2024-03-17T16:13:03.703+09:00  INFO 8222 --- [    Test worker] com.example.demo.Demo1ApplicationTests   : Starting Demo1ApplicationTests using Java 17.0.10 with PID 8222 (started by darter in /Users/darter/java_doit_app/demo)
2024-03-17T16:13:03.704+09:00  INFO 8222 --- [    Test worker] com.example.demo.Demo1ApplicationTests   : No active profile set, falling back to 1 default profile: "default"
2024-03-17T16:13:03.957+09:00  INFO 8222 --- [    Test worker] .s.d.r.c.RepositoryConfigurationDelegate : Bootstrapping Spring Data JPA repositories in DEFAULT mode.
2024-03-17T16:13:03.979+09:00  INFO 8222 --- [    Test worker] .s.d.r.c.RepositoryConfigurationDelegate : Finished Spring Data repository scanning in 19 ms. Found 4 JPA repository interfaces.
2024-03-17T16:13:04.131+09:00  INFO 8222 --- [    Test worker] com.zaxxer.hikari.HikariDataSource       : HikariPool-1 - Starting...
2024-03-17T16:13:04.212+09:00  INFO 8222 --- [    Test worker] com.zaxxer.hikari.pool.HikariPool        : HikariPool-1 - Added connection conn0: url=jdbc:h2:file:./demo user=SA
2024-03-17T16:13:04.213+09:00  INFO 8222 --- [    Test worker] com.zaxxer.hikari.HikariDataSource       : HikariPool-1 - Start completed.
2024-03-17T16:13:04.260+09:00  INFO 8222 --- [    Test worker] o.hibernate.jpa.internal.util.LogHelper  : HHH000204: Processing PersistenceUnitInfo [name: default]
2024-03-17T16:13:04.284+09:00  INFO 8222 --- [    Test worker] org.hibernate.Version                    : HHH000412: Hibernate ORM core version 6.4.4.Final
2024-03-17T16:13:04.297+09:00  INFO 8222 --- [    Test worker] o.h.c.internal.RegionFactoryInitiator    : HHH000026: Second-level cache disabled
2024-03-17T16:13:04.383+09:00  INFO 8222 --- [    Test worker] o.s.o.j.p.SpringPersistenceUnitInfo      : No LoadTimeWeaver setup: ignoring JPA class transformer
2024-03-17T16:13:04.400+09:00  WARN 8222 --- [    Test worker] org.hibernate.orm.deprecation            : HHH90000025: H2Dialect does not need to be specified explicitly using 'hibernate.dialect' (remove the property setting and it will be selected by default)
2024-03-17T16:13:04.566+09:00  WARN 8222 --- [    Test worker] org.hibernate.id.UUIDHexGenerator        : HHH000409: Using org.hibernate.id.UUIDHexGenerator which does not generate IETF RFC 4122 compliant UUID values; consider using org.hibernate.id.UUIDGenerator instead
2024-03-17T16:13:04.850+09:00  INFO 8222 --- [    Test worker] o.h.e.t.j.p.i.JtaPlatformInitiator       : HHH000489: No JTA platform available (set 'hibernate.transaction.jta.platform' to enable JTA platform integration)
2024-03-17T16:13:04.852+09:00  INFO 8222 --- [    Test worker] j.LocalContainerEntityManagerFactoryBean : Initialized JPA EntityManagerFactory for persistence unit 'default'
2024-03-17T16:13:05.052+09:00  WARN 8222 --- [    Test worker] JpaBaseConfiguration$JpaWebConfiguration : spring.jpa.open-in-view is enabled by default. Therefore, database queries may be performed during view rendering. Explicitly configure spring.jpa.open-in-view to disable this warning
2024-03-17T16:13:05.060+09:00  WARN 8222 --- [    Test worker] .s.s.UserDetailsServiceAutoConfiguration : 

Using generated security password: 2e6cd557-864c-4b51-b6a1-2a7116a6a952

This generated password is for development use only. Your security configuration must be updated before running your application in production.

2024-03-17T16:13:05.178+09:00  INFO 8222 --- [    Test worker] o.s.s.web.DefaultSecurityFilterChain     : Will secure any request with [org.springframework.security.web.session.DisableEncodeUrlFilter@4a937d43, org.springframework.security.web.context.request.async.WebAsyncManagerIntegrationFilter@10264cb0, org.springframework.security.web.context.SecurityContextHolderFilter@1a3e8b68, org.springframework.security.web.header.HeaderWriterFilter@1d77d9c6, org.springframework.web.filter.CorsFilter@19877453, com.example.demo.security.JwtAuthenticationFilter@74e175c7, org.springframework.security.web.authentication.logout.LogoutFilter@3bf4b018, org.springframework.security.web.savedrequest.RequestCacheAwareFilter@fc6cac6, org.springframework.security.web.servletapi.SecurityContextHolderAwareRequestFilter@538d2308, org.springframework.security.web.authentication.AnonymousAuthenticationFilter@49bf5ec8, org.springframework.security.web.session.SessionManagementFilter@6414eb98, org.springframework.security.web.access.ExceptionTranslationFilter@160d68b8, org.springframework.security.web.access.intercept.AuthorizationFilter@5d50e7f6]
2024-03-17T16:13:05.274+09:00  INFO 8222 --- [    Test worker] o.s.b.a.h2.H2ConsoleAutoConfiguration    : H2 console available at '/h2-console'. Database available at 'jdbc:h2:file:./demo'
2024-03-17T16:13:05.305+09:00  INFO 8222 --- [    Test worker] com.example.demo.Demo1ApplicationTests   : Started Demo1ApplicationTests in 1.677 seconds (process running for 2.115)
]]></system-out>
  <system-err><![CDATA[]]></system-err>
</testsuite>
